2024-10-30 15:26:55 - Scaling down resources...
2024-10-30 15:26:55 - Resources scaled down successfully.
2024-10-30 15:27:05 - Scaling down resources...
2024-10-30 15:27:05 - Resources scaled down successfully.
2024-10-30 15:27:15 - Scaling down resources...
2024-10-30 15:27:15 - Resources scaled down successfully.
2024-10-30 15:27:25 - Scaling down resources...
2024-10-30 15:27:25 - Resources scaled down successfully.
2024-10-30 15:27:35 - Scaling down resources...
2024-10-30 15:27:35 - Resources scaled down successfully.
2024-10-30 16:11:22 - Scaling down resources...
2024-10-30 16:11:22 - apache2 is not running.
2024-10-30 16:11:22 - Scaling down completed.
2024-10-30 16:11:32 - Scaling down resources...
2024-10-30 16:11:32 - apache2 is not running.
2024-10-30 16:11:32 - Scaling down completed.
2024-10-30 16:11:42 - Scaling down resources...
2024-10-30 16:11:43 - apache2 is not running.
2024-10-30 16:11:43 - Scaling down completed.
2024-10-30 16:11:53 - Scaling down resources...
2024-10-30 16:11:53 - apache2 is not running.
2024-10-30 16:11:53 - Scaling down completed.
2024-10-30 16:12:03 - Scaling down resources...
2024-10-30 16:12:03 - apache2 is not running.
2024-10-30 16:12:03 - Scaling down completed.
2024-10-30 16:12:13 - Scaling down resources...
2024-10-30 16:12:13 - apache2 is not running.
2024-10-30 16:12:14 - Scaling down completed.
2024-10-30 16:12:24 - Scaling down resources...
2024-10-30 16:12:24 - apache2 is not running.
2024-10-30 16:12:24 - Scaling down completed.
2024-10-30 16:12:34 - Scaling down resources...
2024-10-30 16:12:34 - apache2 is not running.
2024-10-30 16:12:34 - Scaling down completed.
2024-10-30 16:12:44 - Scaling down resources...
2024-10-30 16:12:44 - apache2 is not running.
2024-10-30 16:12:44 - Scaling down completed.
2024-10-30 16:12:54 - Scaling down resources...
2024-10-30 16:12:54 - apache2 is not running.
2024-10-30 16:12:54 - Scaling down completed.
2024-10-30 16:13:05 - Scaling down resources...
2024-10-30 16:13:05 - apache2 is not running.
2024-10-30 16:13:05 - Scaling down completed.
2024-10-30 16:13:15 - Scaling down resources...
2024-10-30 16:13:15 - apache2 is not running.
2024-10-30 16:13:15 - Scaling down completed.
2024-10-30 16:13:25 - Scaling down resources...
2024-10-30 16:13:25 - apache2 is not running.
2024-10-30 16:13:25 - Scaling down completed.
2024-10-30 16:13:36 - Scaling down resources...
2024-10-30 16:13:36 - apache2 is not running.
2024-10-30 16:13:36 - Scaling down completed.
2024-10-30 16:13:46 - Scaling down resources...
2024-10-30 16:13:46 - apache2 is not running.
2024-10-30 16:13:46 - Scaling down completed.
2024-10-30 16:13:56 - Scaling down resources...
2024-10-30 16:13:57 - apache2 is not running.
2024-10-30 16:13:57 - Scaling down completed.
2024-10-30 16:14:08 - Scaling down resources...
2024-10-30 16:14:08 - apache2 is not running.
2024-10-30 16:14:08 - Scaling down completed.
2024-10-30 16:14:18 - Scaling down resources...
2024-10-30 16:14:18 - apache2 is not running.
2024-10-30 16:14:18 - Scaling down completed.
2024-10-30 16:14:29 - Scaling down resources...
2024-10-30 16:14:29 - apache2 is not running.
2024-10-30 16:14:29 - Scaling down completed.
2024-10-30 16:14:39 - Scaling down resources...
2024-10-30 16:14:39 - apache2 is not running.
2024-10-30 16:14:39 - Scaling down completed.
2024-10-30 16:14:50 - Scaling down resources...
2024-10-30 16:14:50 - apache2 is not running.
2024-10-30 16:14:50 - Scaling down completed.
2024-10-30 16:15:00 - Scaling down resources...
2024-10-30 16:15:00 - apache2 is not running.
2024-10-30 16:15:00 - Scaling down completed.
2024-10-30 16:15:10 - Scaling down resources...
2024-10-30 16:15:10 - apache2 is not running.
2024-10-30 16:15:10 - Scaling down completed.
2024-10-30 16:15:20 - Scaling down resources...
2024-10-30 16:15:20 - apache2 is not running.
2024-10-30 16:15:20 - Scaling down completed.
2024-10-30 16:15:31 - Scaling down resources...
2024-10-30 16:15:31 - apache2 is not running.
2024-10-30 16:15:31 - Scaling down completed.
2024-10-30 16:15:41 - Scaling down resources...
2024-10-30 16:15:41 - apache2 is not running.
2024-10-30 16:15:41 - Scaling down completed.
2024-10-30 16:15:51 - Scaling down resources...
2024-10-30 16:15:51 - apache2 is not running.
2024-10-30 16:15:51 - Scaling down completed.
2024-10-30 16:16:01 - Scaling down resources...
2024-10-30 16:16:01 - apache2 is not running.
2024-10-30 16:16:01 - Scaling down completed.
2024-10-30 16:16:12 - Scaling down resources...
2024-10-30 16:16:12 - apache2 is not running.
2024-10-30 16:16:12 - Scaling down completed.
2024-10-30 16:16:22 - Scaling down resources...
2024-10-30 16:16:22 - apache2 is not running.
2024-10-30 16:16:23 - Scaling down completed.
2024-10-30 16:16:33 - Scaling down resources...
2024-10-30 16:16:33 - apache2 is not running.
2024-10-30 16:16:33 - Scaling down completed.
2024-10-30 16:16:43 - Scaling down resources...
2024-10-30 16:16:43 - apache2 is not running.
2024-10-30 16:16:43 - Scaling down completed.
2024-10-30 16:16:53 - Scaling down resources...
2024-10-30 16:16:54 - apache2 is not running.
2024-10-30 16:16:54 - Scaling down completed.
2024-10-30 16:17:04 - Scaling down resources...
2024-10-30 16:17:04 - apache2 is not running.
2024-10-30 16:17:04 - Scaling down completed.
2024-10-30 16:17:14 - Scaling down resources...
2024-10-30 16:17:15 - apache2 is not running.
2024-10-30 16:17:15 - Scaling down completed.
2024-10-30 16:17:26 - Scaling down resources...
2024-10-30 16:17:26 - apache2 is not running.
2024-10-30 16:17:26 - Scaling down completed.
2024-10-30 16:17:36 - Scaling down resources...
2024-10-30 16:17:36 - apache2 is not running.
2024-10-30 16:17:36 - Scaling down completed.
2024-10-30 16:17:46 - Scaling down resources...
2024-10-30 16:17:46 - apache2 is not running.
2024-10-30 16:17:46 - Scaling down completed.
2024-10-30 16:17:56 - Scaling down resources...
2024-10-30 16:17:57 - apache2 is not running.
2024-10-30 16:17:57 - Scaling down completed.
2024-10-30 16:18:07 - Scaling down resources...
2024-10-30 16:18:07 - apache2 is not running.
2024-10-30 16:18:07 - Scaling down completed.
2024-10-30 16:18:17 - Scaling down resources...
2024-10-30 16:18:17 - apache2 is not running.
2024-10-30 16:18:17 - Scaling down completed.
2024-10-30 16:18:27 - Scaling down resources...
2024-10-30 16:18:27 - apache2 is not running.
2024-10-30 16:18:27 - Scaling down completed.
2024-10-30 16:18:38 - Scaling down resources...
2024-10-30 16:18:38 - apache2 is not running.
2024-10-30 16:18:38 - Scaling down completed.
2024-10-30 16:18:48 - Scaling down resources...
2024-10-30 16:18:48 - apache2 is not running.
2024-10-30 16:18:48 - Scaling down completed.
2024-10-30 16:18:59 - Scaling down resources...
2024-10-30 16:18:59 - apache2 is not running.
2024-10-30 16:18:59 - Scaling down completed.
2024-10-30 16:19:09 - Scaling down resources...
2024-10-30 16:19:09 - apache2 is not running.
2024-10-30 16:19:09 - Scaling down completed.
2024-10-30 16:19:19 - Scaling down resources...
2024-10-30 16:19:19 - apache2 is not running.
2024-10-30 16:19:19 - Scaling down completed.
2024-10-30 16:19:29 - Scaling down resources...
2024-10-30 16:19:29 - apache2 is not running.
2024-10-30 16:19:29 - Scaling down completed.
2024-10-30 16:19:40 - Scaling down resources...
2024-10-30 16:19:40 - apache2 is not running.
2024-10-30 16:19:40 - Scaling down completed.
2024-10-30 16:19:50 - Scaling down resources...
2024-10-30 16:19:50 - apache2 is not running.
2024-10-30 16:19:50 - Scaling down completed.
2024-10-30 16:20:00 - Scaling down resources...
2024-10-30 16:20:00 - apache2 is not running.
2024-10-30 16:20:00 - Scaling down completed.
2024-10-30 16:20:10 - Scaling down resources...
2024-10-30 16:20:11 - apache2 is not running.
2024-10-30 16:20:11 - Scaling down completed.
2024-10-30 16:20:21 - Scaling down resources...
2024-10-30 16:20:21 - apache2 is not running.
2024-10-30 16:20:21 - Scaling down completed.
2024-10-30 16:20:31 - Scaling down resources...
2024-10-30 16:20:31 - apache2 is not running.
2024-10-30 16:20:31 - Scaling down completed.
2024-10-30 16:20:41 - Scaling down resources...
2024-10-30 16:20:41 - apache2 is not running.
2024-10-30 16:20:41 - Scaling down completed.
2024-10-30 16:20:51 - Scaling down resources...
2024-10-30 16:20:51 - apache2 is not running.
2024-10-30 16:20:52 - Scaling down completed.
2024-10-30 16:21:02 - Scaling down resources...
2024-10-30 16:21:02 - apache2 is not running.
2024-10-30 16:21:02 - Scaling down completed.
2024-10-30 16:21:12 - Scaling down resources...
2024-10-30 16:21:12 - apache2 is not running.
2024-10-30 16:21:12 - Scaling down completed.
2024-10-30 16:21:22 - Scaling down resources...
2024-10-30 16:21:22 - apache2 is not running.
2024-10-30 16:21:22 - Scaling down completed.
2024-10-30 16:21:32 - Scaling down resources...
2024-10-30 16:21:32 - apache2 is not running.
2024-10-30 16:21:32 - Scaling down completed.
2024-10-30 16:21:43 - Scaling down resources...
2024-10-30 16:21:43 - apache2 is not running.
2024-10-30 16:21:43 - Scaling down completed.
2024-10-30 16:21:53 - Scaling down resources...
2024-10-30 16:21:53 - apache2 is not running.
2024-10-30 16:21:53 - Scaling down completed.
2024-10-30 16:22:03 - Scaling down resources...
2024-10-30 16:22:03 - apache2 is not running.
2024-10-30 16:22:03 - Scaling down completed.
2024-10-30 16:22:13 - Scaling down resources...
2024-10-30 16:22:14 - apache2 is not running.
2024-10-30 16:22:14 - Scaling down completed.
2024-10-30 16:22:24 - Scaling down resources...
2024-10-30 16:22:24 - apache2 is not running.
2024-10-30 16:22:24 - Scaling down completed.
2024-10-30 16:22:34 - Scaling down resources...
2024-10-30 16:22:34 - apache2 is not running.
2024-10-30 16:22:34 - Scaling down completed.
2024-10-30 16:22:45 - Scaling down resources...
2024-10-30 16:22:45 - apache2 is not running.
2024-10-30 16:22:45 - Scaling down completed.
2024-10-30 16:22:55 - Scaling down resources...
2024-10-30 16:22:55 - apache2 is not running.
2024-10-30 16:22:55 - Scaling down completed.
2024-10-30 16:23:06 - Scaling down resources...
2024-10-30 16:23:06 - apache2 is not running.
2024-10-30 16:23:06 - Scaling down completed.
2024-10-30 16:23:16 - Scaling down resources...
2024-10-30 16:23:17 - apache2 is not running.
2024-10-30 16:23:17 - Scaling down completed.
2024-10-30 16:23:27 - Scaling down resources...
2024-10-30 16:23:28 - apache2 is not running.
2024-10-30 16:23:28 - Scaling down completed.
2024-10-30 16:23:38 - Scaling down resources...
2024-10-30 16:23:38 - apache2 is not running.
2024-10-30 16:23:38 - Scaling down completed.
2024-10-30 16:23:48 - Scaling down resources...
2024-10-30 16:23:48 - apache2 is not running.
2024-10-30 16:23:48 - Scaling down completed.
2024-10-30 16:23:58 - Scaling down resources...
2024-10-30 16:23:59 - apache2 is not running.
2024-10-30 16:23:59 - Scaling down completed.
2024-10-30 16:24:09 - Scaling down resources...
2024-10-30 16:24:09 - apache2 is not running.
2024-10-30 16:24:09 - Scaling down completed.
2024-10-30 16:24:19 - Scaling down resources...
2024-10-30 16:24:19 - apache2 is not running.
2024-10-30 16:24:19 - Scaling down completed.
2024-10-30 16:24:29 - Scaling down resources...
2024-10-30 16:24:29 - apache2 is not running.
2024-10-30 16:24:29 - Scaling down completed.
2024-10-30 16:24:41 - Scaling down resources...
2024-10-30 16:24:42 - apache2 is not running.
2024-10-30 16:24:42 - Scaling down completed.
2024-10-30 16:24:52 - Scaling down resources...
2024-10-30 16:24:52 - apache2 is not running.
2024-10-30 16:24:52 - Scaling down completed.
2024-10-30 16:25:04 - Scaling down resources...
2024-10-30 16:25:04 - apache2 is not running.
2024-10-30 16:25:04 - Scaling down completed.
2024-10-30 16:25:15 - Scaling down resources...
2024-10-30 16:25:15 - apache2 is not running.
2024-10-30 16:25:15 - Scaling down completed.
2024-10-30 16:43:02 - Scaling down resources...
2024-10-30 16:43:02 - apache2 is not running.
2024-10-30 16:43:02 - Scaling down completed.
2024-10-30 16:43:16 - Scaling down resources...
2024-10-30 16:43:18 - apache2 is not running.
2024-10-30 16:43:18 - Scaling down completed.
2024-10-30 16:43:35 - Scaling down resources...
2024-10-30 16:43:37 - apache2 is not running.
2024-10-30 16:43:37 - Scaling down completed.
2024-10-30 16:43:47 - Scaling down resources...
2024-10-30 16:43:47 - apache2 is not running.
2024-10-30 16:43:47 - Scaling down completed.
2024-10-30 16:43:58 - Scaling down resources...
2024-10-30 16:43:59 - apache2 is not running.
2024-10-30 16:43:59 - Scaling down completed.
2024-10-30 16:44:14 - Scaling down resources...
2024-10-30 16:44:15 - apache2 is not running.
2024-10-30 16:44:15 - Scaling down completed.
2024-10-30 16:44:28 - Scaling down resources...
2024-10-30 16:44:30 - apache2 is not running.
2024-10-30 16:44:30 - Scaling down completed.
2024-10-30 16:44:41 - Scaling down resources...
2024-10-30 16:44:41 - apache2 is not running.
2024-10-30 16:44:41 - Scaling down completed.
2024-10-30 16:44:52 - Scaling down resources...
2024-10-30 16:44:52 - apache2 is not running.
2024-10-30 16:44:52 - Scaling down completed.
2024-10-30 16:45:03 - Scaling down resources...
2024-10-30 16:45:03 - apache2 is not running.
2024-10-30 16:45:03 - Scaling down completed.
2024-10-30 16:45:14 - Scaling down resources...
2024-10-30 16:45:14 - apache2 is not running.
2024-10-30 16:45:14 - Scaling down completed.
2024-10-30 16:45:25 - Scaling down resources...
2024-10-30 16:45:25 - apache2 is not running.
2024-10-30 16:45:25 - Scaling down completed.
2024-10-30 16:45:37 - Scaling down resources...
2024-10-30 16:45:37 - apache2 is not running.
2024-10-30 16:45:37 - Scaling down completed.
2024-10-30 16:45:50 - Scaling down resources...
2024-10-30 16:45:51 - apache2 is not running.
2024-10-30 16:45:51 - Scaling down completed.
2024-10-30 16:46:04 - Scaling down resources...
2024-10-30 16:46:04 - apache2 is not running.
2024-10-30 16:46:04 - Scaling down completed.
2024-10-30 16:46:15 - Scaling down resources...
2024-10-30 16:46:15 - apache2 is not running.
2024-10-30 16:46:15 - Scaling down completed.
2024-10-30 16:46:27 - Scaling down resources...
2024-10-30 16:46:27 - apache2 is not running.
2024-10-30 16:46:27 - Scaling down completed.
2024-10-30 16:46:39 - Scaling down resources...
2024-10-30 16:46:40 - apache2 is not running.
2024-10-30 16:46:40 - Scaling down completed.
2024-10-30 16:46:53 - Scaling down resources...
2024-10-30 16:46:53 - apache2 is not running.
2024-10-30 16:46:53 - Scaling down completed.
2024-10-30 16:47:13 - Scaling down resources...
2024-10-30 16:47:16 - apache2 is not running.
2024-10-30 16:47:16 - Scaling down completed.
2024-10-30 16:47:32 - Scaling down resources...
2024-10-30 16:47:32 - apache2 is not running.
2024-10-30 16:47:32 - Scaling down completed.
2024-10-30 16:47:42 - Scaling down resources...
2024-10-30 16:47:42 - apache2 is not running.
2024-10-30 16:47:42 - Scaling down completed.
2024-10-30 16:47:53 - Scaling down resources...
2024-10-30 16:47:53 - apache2 is not running.
2024-10-30 16:47:53 - Scaling down completed.
2024-10-30 16:48:03 - Scaling down resources...
2024-10-30 16:48:03 - apache2 is not running.
2024-10-30 16:48:03 - Scaling down completed.
2024-10-30 16:48:15 - Scaling down resources...
2024-10-30 16:48:15 - apache2 is not running.
2024-10-30 16:48:15 - Scaling down completed.
2024-10-30 16:48:26 - Scaling down resources...
2024-10-30 16:48:26 - apache2 is not running.
2024-10-30 16:48:26 - Scaling down completed.
2024-10-30 16:48:37 - Scaling down resources...
2024-10-30 16:48:37 - apache2 is not running.
2024-10-30 16:48:37 - Scaling down completed.
2024-10-30 16:48:51 - Scaling down resources...
2024-10-30 16:48:51 - apache2 is not running.
2024-10-30 16:48:51 - Scaling down completed.
2024-10-30 16:50:52 - Scaling down resources...
2024-10-30 16:50:56 - apache2 is not running.
2024-10-30 16:50:56 - Scaling down completed.
2024-10-30 16:51:57 - Scaling down resources...
2024-10-30 16:51:58 - apache2 is not running.
2024-10-30 16:51:58 - Scaling down completed.
2024-10-30 16:52:58 - Scaling down resources...
2024-10-30 16:52:58 - apache2 is not running.
2024-10-30 16:52:58 - Scaling down completed.
2024-10-30 16:53:59 - Scaling down resources...
2024-10-30 16:53:59 - apache2 is not running.
2024-10-30 16:53:59 - Scaling down completed.
2024-10-30 16:55:00 - Scaling down resources...
2024-10-30 16:55:00 - apache2 is not running.
2024-10-30 16:55:00 - Scaling down completed.
2024-10-30 16:56:08 - Scaling down resources...
2024-10-30 16:56:10 - apache2 is not running.
2024-10-30 16:56:10 - Scaling down completed.
2024-10-30 16:57:14 - Scaling down resources...
2024-10-30 16:57:15 - apache2 is not running.
2024-10-30 16:57:15 - Scaling down completed.
2024-10-30 16:58:15 - Scaling down resources...
2024-10-30 16:58:15 - apache2 is not running.
2024-10-30 16:58:15 - Scaling down completed.
2024-10-30 16:59:15 - Scaling down resources...
2024-10-30 16:59:15 - apache2 is not running.
2024-10-30 16:59:15 - Scaling down completed.
2024-10-30 17:00:17 - Scaling down resources...
2024-10-30 17:00:17 - apache2 is not running.
2024-10-30 17:00:17 - Scaling down completed.
2024-10-30 17:01:19 - Scaling down resources...
2024-10-30 17:01:19 - apache2 is not running.
2024-10-30 17:01:19 - Scaling down completed.
2024-10-30 17:02:38 - Scaling down resources...
2024-10-30 17:02:39 - apache2 is not running.
2024-10-30 17:02:39 - Scaling down completed.
2024-10-30 17:04:45 - Scaling down resources...
2024-10-30 17:04:46 - apache2 stopped.
2024-10-30 17:04:46 - Scaling down completed.
2024-10-30 17:05:46 - Scaling down resources...
2024-10-30 17:05:47 - apache2 is not running.
2024-10-30 17:05:47 - Scaling down completed.
2024-10-30 17:06:48 - Scaling down resources...
2024-10-30 17:06:48 - apache2 is not running.
2024-10-30 17:06:48 - Scaling down completed.
2024-10-30 17:07:49 - Scaling down resources...
2024-10-30 17:07:49 - apache2 is not running.
2024-10-30 17:07:49 - Scaling down completed.
2024-10-30 17:08:34 - Scaling down resources...
2024-10-30 17:08:37 - apache2 is not running.
2024-10-30 17:08:37 - Scaling down completed.
2024-10-30 17:09:41 - Scaling down resources...
2024-10-30 17:09:41 - apache2 is not running.
2024-10-30 17:09:41 - Scaling down completed.
2024-10-30 17:10:44 - Scaling down resources...
2024-10-30 17:10:44 - apache2 is not running.
2024-10-30 17:10:44 - Scaling down completed.
2024-10-30 17:17:49 - Scaling down resources...
2024-10-30 17:17:51 - apache2 stopped.
2024-10-30 17:17:51 - Scaling down completed.
2024-10-30 17:34:26 - Scaling down resources...
2024-10-30 17:34:26 - apache2 is not running.
2024-10-30 17:34:26 - Scaling down completed.
2024-10-30 17:36:27 - Scaling down resources...
2024-10-30 17:36:28 - apache2 is not running.
2024-10-30 17:36:28 - Scaling down completed.
2024-10-30 17:38:29 - Scaling down resources...
2024-10-30 17:38:29 - apache2 is not running.
2024-10-30 17:38:29 - Scaling down completed.
2024-10-30 17:40:34 - Scaling down resources...
2024-10-30 17:40:35 - apache2 is not running.
2024-10-30 17:40:35 - Scaling down completed.
2024-10-30 17:42:35 - Scaling down resources...
2024-10-30 17:42:36 - apache2 is not running.
2024-10-30 17:42:36 - Scaling down completed.
2024-10-30 17:44:42 - Scaling down resources...
2024-10-30 17:44:43 - apache2 is not running.
2024-10-30 17:44:43 - Scaling down completed.
2024-10-30 17:59:47 - Scaling down resources...
2024-10-30 17:59:49 - apache2 is not running.
2024-10-30 17:59:49 - Scaling down completed.
2024-10-30 18:08:49 - Scaling down resources...
2024-10-30 18:08:50 - apache2 stopped.
2024-10-30 18:08:51 - Scaling down completed.
2024-10-30 18:08:58 - Scaling down resources...
2024-10-30 18:08:58 - apache2 is not running.
2024-10-30 18:08:58 - Scaling down completed.
2024-10-30 18:09:10 - Scaling down resources...
2024-10-30 18:09:10 - apache2 is not running.
2024-10-30 18:09:10 - Scaling down completed.
2024-10-30 18:09:16 - Scaling down resources...
2024-10-30 18:09:16 - apache2 is not running.
2024-10-30 18:09:17 - Scaling down completed.
2024-10-30 18:09:22 - Scaling down resources...
2024-10-30 18:09:22 - apache2 is not running.
2024-10-30 18:09:22 - Scaling down completed.
2024-10-30 18:09:29 - Scaling down resources...
2024-10-30 18:09:29 - apache2 is not running.
2024-10-30 18:09:29 - Scaling down completed.
2024-10-30 18:09:36 - Scaling down resources...
2024-10-30 18:09:36 - apache2 is not running.
2024-10-30 18:09:36 - Scaling down completed.
2024-10-30 18:09:45 - Scaling down resources...
2024-10-30 18:09:45 - apache2 is not running.
2024-10-30 18:09:45 - Scaling down completed.
2024-10-30 18:09:56 - Scaling down resources...
2024-10-30 18:09:56 - apache2 is not running.
2024-10-30 18:09:56 - Scaling down completed.
2024-10-30 18:10:03 - Scaling down resources...
2024-10-30 18:10:04 - apache2 is not running.
2024-10-30 18:10:04 - Scaling down completed.
2024-10-30 18:10:11 - Scaling down resources...
2024-10-30 18:10:11 - apache2 is not running.
2024-10-30 18:10:11 - Scaling down completed.
2024-10-30 18:10:20 - Scaling down resources...
2024-10-30 18:10:20 - apache2 is not running.
2024-10-30 18:10:20 - Scaling down completed.
2024-10-30 18:10:28 - Scaling down resources...
2024-10-30 18:10:29 - apache2 is not running.
2024-10-30 18:10:29 - Scaling down completed.
2024-10-30 18:10:39 - Scaling down resources...
2024-10-30 18:10:40 - apache2 is not running.
2024-10-30 18:10:40 - Scaling down completed.
2024-10-30 18:10:49 - Scaling down resources...
2024-10-30 18:10:50 - apache2 is not running.
2024-10-30 18:10:50 - Scaling down completed.
2024-10-30 18:10:55 - Scaling down resources...
2024-10-30 18:10:55 - apache2 is not running.
2024-10-30 18:10:56 - Scaling down completed.
2024-10-30 18:11:01 - Scaling down resources...
2024-10-30 18:11:01 - apache2 is not running.
2024-10-30 18:11:01 - Scaling down completed.
2024-10-30 18:11:07 - Scaling down resources...
2024-10-30 18:11:07 - apache2 is not running.
2024-10-30 18:11:07 - Scaling down completed.
2024-10-30 18:11:14 - Scaling down resources...
2024-10-30 18:11:14 - apache2 is not running.
2024-10-30 18:11:14 - Scaling down completed.
2024-10-30 18:11:21 - Scaling down resources...
2024-10-30 18:11:23 - apache2 is not running.
2024-10-30 18:11:23 - Scaling down completed.
2024-10-30 18:16:14 - Scaling down resources...
2024-10-30 18:16:20 - apache2 is not running.
2024-10-30 18:16:20 - Scaling down completed.
2024-10-30 18:16:27 - Scaling down resources...
2024-10-30 18:16:29 - apache2 is not running.
2024-10-30 18:16:29 - Scaling down completed.
2024-10-30 18:16:37 - Scaling down resources...
2024-10-30 18:16:39 - apache2 is not running.
2024-10-30 18:16:39 - Scaling down completed.
2024-10-30 18:16:49 - Scaling down resources...
2024-10-30 18:16:49 - apache2 is not running.
2024-10-30 18:16:49 - Scaling down completed.
2024-10-30 18:16:56 - Scaling down resources...
2024-10-30 18:16:56 - apache2 is not running.
2024-10-30 18:16:56 - Scaling down completed.
2024-10-30 18:17:01 - Scaling down resources...
2024-10-30 18:17:02 - apache2 is not running.
2024-10-30 18:17:02 - Scaling down completed.
2024-10-30 18:17:08 - Scaling down resources...
2024-10-30 18:17:08 - apache2 is not running.
2024-10-30 18:17:08 - Scaling down completed.
2024-10-30 18:17:16 - Scaling down resources...
2024-10-30 18:17:16 - apache2 is not running.
2024-10-30 18:17:16 - Scaling down completed.
2024-10-30 18:17:21 - Scaling down resources...
2024-10-30 18:17:21 - apache2 is not running.
2024-10-30 18:17:21 - Scaling down completed.
2024-10-30 18:17:27 - Scaling down resources...
2024-10-30 18:17:28 - apache2 is not running.
2024-10-30 18:17:28 - Scaling down completed.
2024-10-30 18:17:35 - Scaling down resources...
2024-10-30 18:17:35 - apache2 is not running.
2024-10-30 18:17:35 - Scaling down completed.
2024-10-30 18:17:43 - Scaling down resources...
2024-10-30 18:17:45 - apache2 is not running.
2024-10-30 18:17:45 - Scaling down completed.
2024-10-30 18:17:50 - Scaling down resources...
2024-10-30 18:17:50 - apache2 is not running.
2024-10-30 18:17:50 - Scaling down completed.
2024-10-30 18:17:55 - Scaling down resources...
2024-10-30 18:17:56 - apache2 is not running.
2024-10-30 18:17:56 - Scaling down completed.
2024-10-30 18:18:02 - Scaling down resources...
2024-10-30 18:18:02 - apache2 is not running.
2024-10-30 18:18:02 - Scaling down completed.
2024-10-30 18:18:07 - Scaling down resources...
2024-10-30 18:18:08 - apache2 is not running.
2024-10-30 18:18:08 - Scaling down completed.
2024-10-30 18:18:15 - Scaling down resources...
2024-10-30 18:18:15 - apache2 is not running.
2024-10-30 18:18:15 - Scaling down completed.
2024-10-30 18:18:22 - Scaling down resources...
2024-10-30 18:18:22 - apache2 is not running.
2024-10-30 18:18:22 - Scaling down completed.
2024-10-30 18:18:27 - Scaling down resources...
2024-10-30 18:18:27 - apache2 is not running.
2024-10-30 18:18:27 - Scaling down completed.
2024-10-30 18:18:35 - Scaling down resources...
2024-10-30 18:18:35 - apache2 is not running.
2024-10-30 18:18:35 - Scaling down completed.
2024-10-30 18:18:44 - Scaling down resources...
2024-10-30 18:18:44 - apache2 is not running.
2024-10-30 18:18:44 - Scaling down completed.
2024-10-30 18:18:52 - Scaling down resources...
2024-10-30 18:18:55 - apache2 is not running.
2024-10-30 18:18:56 - Scaling down completed.
2024-10-30 18:29:28 - Scaling down resources...
2024-10-30 18:29:29 - apache2 is not running.
2024-10-30 18:29:31 - Scaling down completed.
2024-10-30 18:29:37 - Scaling down resources...
2024-10-30 18:29:37 - apache2 is not running.
2024-10-30 18:29:37 - Scaling down completed.
2024-10-30 18:29:46 - Scaling down resources...
2024-10-30 18:29:52 - apache2 is not running.
2024-10-30 18:29:52 - Scaling down completed.
2024-10-30 19:04:14 - Scaling down resources...
2024-10-30 19:04:14 - apache2 is not running.
2024-10-30 19:04:14 - Scaling down completed.
2024-10-30 19:12:13 - Scaling down resources...
2024-10-30 19:12:13 - apache2 is not running.
2024-10-30 19:12:13 - Scaling down completed.
2024-10-30 19:13:14 - Scaling down resources...
2024-10-30 19:13:15 - apache2 is not running.
2024-10-30 19:13:15 - Scaling down completed.
2024-10-30 19:16:31 - Scaling down resources...
2024-10-30 19:16:39 - apache2 is not running.
2024-10-30 19:16:40 - Scaling down completed.
2024-10-30 19:16:47 - Scaling down resources...
2024-10-30 19:16:47 - apache2 is not running.
2024-10-30 19:16:47 - Scaling down completed.
2024-10-30 19:16:54 - Scaling down resources...
2024-10-30 19:16:55 - apache2 is not running.
2024-10-30 19:16:55 - Scaling down completed.
2024-10-30 19:17:04 - Scaling down resources...
2024-10-30 19:17:04 - apache2 is not running.
2024-10-30 19:17:04 - Scaling down completed.
2024-11-01 10:14:17 - Scaling down resources...
2024-11-01 10:14:18 - apache2 is not running.
2024-11-01 10:14:18 - Scaling down completed.
2024-11-01 10:14:24 - Scaling down resources...
2024-11-01 10:14:24 - apache2 is not running.
2024-11-01 10:14:24 - Scaling down completed.
2024-11-01 10:15:06 - Scaling down resources...
2024-11-01 10:15:08 - apache2 stopped.
2024-11-01 10:15:08 - Scaling down completed.
2024-11-01 10:15:14 - Scaling down resources...
2024-11-01 10:15:14 - apache2 is not running.
2024-11-01 10:15:14 - Scaling down completed.
2024-11-01 10:15:21 - Scaling down resources...
2024-11-01 10:15:21 - apache2 is not running.
2024-11-01 10:15:21 - Scaling down completed.
2024-11-01 10:15:29 - Scaling down resources...
2024-11-01 10:15:29 - apache2 is not running.
2024-11-01 10:15:29 - Scaling down completed.
2024-11-01 10:15:35 - Scaling down resources...
2024-11-01 10:15:35 - apache2 is not running.
2024-11-01 10:15:35 - Scaling down completed.
2024-11-01 10:15:41 - Scaling down resources...
2024-11-01 10:15:41 - apache2 is not running.
2024-11-01 10:15:41 - Scaling down completed.
2024-11-01 10:15:47 - Scaling down resources...
2024-11-01 10:15:47 - apache2 is not running.
2024-11-01 10:15:47 - Scaling down completed.
2024-11-01 10:15:52 - Scaling down resources...
2024-11-01 10:15:52 - apache2 is not running.
2024-11-01 10:15:53 - Scaling down completed.
2024-11-01 10:15:58 - Scaling down resources...
2024-11-01 10:15:58 - apache2 is not running.
2024-11-01 10:15:58 - Scaling down completed.
2024-11-01 10:16:03 - Scaling down resources...
2024-11-01 10:16:03 - apache2 is not running.
2024-11-01 10:16:03 - Scaling down completed.
2024-11-01 10:16:09 - Scaling down resources...
2024-11-01 10:16:09 - apache2 is not running.
2024-11-01 10:16:09 - Scaling down completed.
2024-11-01 10:16:14 - Scaling down resources...
2024-11-01 10:16:14 - apache2 is not running.
2024-11-01 10:16:14 - Scaling down completed.
2024-11-01 10:16:19 - Scaling down resources...
2024-11-01 10:16:19 - apache2 is not running.
2024-11-01 10:16:19 - Scaling down completed.
2024-11-01 10:16:25 - Scaling down resources...
2024-11-01 10:16:25 - apache2 is not running.
2024-11-01 10:16:25 - Scaling down completed.
2024-11-01 10:16:30 - Scaling down resources...
2024-11-01 10:16:30 - apache2 is not running.
2024-11-01 10:16:30 - Scaling down completed.
2024-11-01 10:16:36 - Scaling down resources...
2024-11-01 10:16:36 - apache2 is not running.
2024-11-01 10:16:36 - Scaling down completed.
2024-11-01 10:16:41 - Scaling down resources...
2024-11-01 10:16:42 - apache2 is not running.
2024-11-01 10:16:42 - Scaling down completed.
2024-11-01 10:16:47 - Scaling down resources...
2024-11-01 10:16:47 - apache2 is not running.
2024-11-01 10:16:47 - Scaling down completed.
2024-11-01 10:16:52 - Scaling down resources...
2024-11-01 10:16:52 - apache2 is not running.
2024-11-01 10:16:52 - Scaling down completed.
2024-11-01 10:16:57 - Scaling down resources...
2024-11-01 10:16:57 - apache2 is not running.
2024-11-01 10:16:57 - Scaling down completed.
2024-11-01 10:17:03 - Scaling down resources...
2024-11-01 10:17:03 - apache2 is not running.
2024-11-01 10:17:03 - Scaling down completed.
2024-11-01 10:17:08 - Scaling down resources...
2024-11-01 10:17:08 - apache2 is not running.
2024-11-01 10:17:08 - Scaling down completed.
2024-11-01 10:17:13 - Scaling down resources...
2024-11-01 10:17:13 - apache2 is not running.
2024-11-01 10:17:13 - Scaling down completed.
2024-11-01 10:17:19 - Scaling down resources...
2024-11-01 10:17:19 - apache2 is not running.
2024-11-01 10:17:19 - Scaling down completed.
2024-11-01 10:17:36 - Scaling down resources...
2024-11-01 10:17:36 - apache2 stopped.
2024-11-01 10:17:36 - Scaling down completed.
2024-11-01 10:17:45 - Scaling down resources...
2024-11-01 10:17:45 - apache2 is not running.
2024-11-01 10:17:45 - Scaling down completed.
2024-11-01 10:17:51 - Scaling down resources...
2024-11-01 10:17:51 - apache2 is not running.
2024-11-01 10:17:51 - Scaling down completed.
2024-11-01 10:18:34 - Scaling down resources...
2024-11-01 10:18:34 - apache2 stopped.
2024-11-01 10:18:34 - Scaling down completed.
2024-11-01 10:18:39 - Scaling down resources...
2024-11-01 10:18:39 - apache2 is not running.
2024-11-01 10:18:39 - Scaling down completed.
2024-11-01 10:19:20 - Scaling down resources...
2024-11-01 10:19:22 - apache2 stopped.
2024-11-01 10:19:22 - Scaling down completed.
2024-11-01 10:19:27 - Scaling down resources...
2024-11-01 10:19:28 - apache2 is not running.
2024-11-01 10:19:28 - Scaling down completed.
2024-11-01 10:20:19 - Scaling down resources...
2024-11-01 10:20:19 - apache2 stopped.
2024-11-01 10:20:19 - Scaling down completed.
2024-11-01 10:20:25 - Scaling down resources...
2024-11-01 10:20:25 - apache2 is not running.
2024-11-01 10:20:25 - Scaling down completed.
2024-11-01 10:20:32 - Scaling down resources...
2024-11-01 10:20:32 - apache2 is not running.
2024-11-01 10:20:32 - Scaling down completed.
2024-11-01 10:20:37 - Scaling down resources...
2024-11-01 10:20:37 - apache2 is not running.
2024-11-01 10:20:37 - Scaling down completed.
2024-11-01 10:20:44 - Scaling down resources...
2024-11-01 10:20:44 - apache2 is not running.
2024-11-01 10:20:44 - Scaling down completed.
2024-11-01 10:20:49 - Scaling down resources...
2024-11-01 10:20:49 - apache2 is not running.
2024-11-01 10:20:49 - Scaling down completed.
2024-11-01 10:20:55 - Scaling down resources...
2024-11-01 10:20:55 - apache2 is not running.
2024-11-01 10:20:55 - Scaling down completed.
2024-11-01 10:21:00 - Scaling down resources...
2024-11-01 10:21:01 - apache2 is not running.
2024-11-01 10:21:01 - Scaling down completed.
2024-11-01 10:21:06 - Scaling down resources...
2024-11-01 10:21:06 - apache2 is not running.
2024-11-01 10:21:06 - Scaling down completed.
2024-11-01 10:21:12 - Scaling down resources...
2024-11-01 10:21:12 - apache2 is not running.
2024-11-01 10:21:12 - Scaling down completed.
2024-11-01 10:21:18 - Scaling down resources...
2024-11-01 10:21:18 - apache2 is not running.
2024-11-01 10:21:18 - Scaling down completed.
2024-11-01 10:21:23 - Scaling down resources...
2024-11-01 10:21:23 - apache2 is not running.
2024-11-01 10:21:23 - Scaling down completed.
2024-11-01 10:21:28 - Scaling down resources...
2024-11-01 10:21:28 - apache2 is not running.
2024-11-01 10:21:28 - Scaling down completed.
2024-11-01 10:21:34 - Scaling down resources...
2024-11-01 10:21:34 - apache2 is not running.
2024-11-01 10:21:34 - Scaling down completed.
2024-11-01 10:21:39 - Scaling down resources...
2024-11-01 10:21:39 - apache2 is not running.
2024-11-01 10:21:39 - Scaling down completed.
2024-11-01 10:21:45 - Scaling down resources...
2024-11-01 10:21:45 - apache2 is not running.
2024-11-01 10:21:45 - Scaling down completed.
2024-11-01 10:21:50 - Scaling down resources...
2024-11-01 10:21:51 - apache2 is not running.
2024-11-01 10:21:51 - Scaling down completed.
2024-11-01 10:21:56 - Scaling down resources...
2024-11-01 10:21:56 - apache2 is not running.
2024-11-01 10:21:56 - Scaling down completed.
2024-11-01 10:22:02 - Scaling down resources...
2024-11-01 10:22:02 - apache2 is not running.
2024-11-01 10:22:02 - Scaling down completed.
2024-11-01 10:22:07 - Scaling down resources...
2024-11-01 10:22:07 - apache2 is not running.
2024-11-01 10:22:07 - Scaling down completed.
2024-11-01 10:22:13 - Scaling down resources...
2024-11-01 10:22:13 - apache2 is not running.
2024-11-01 10:22:13 - Scaling down completed.
2024-11-01 10:22:18 - Scaling down resources...
2024-11-01 10:22:18 - apache2 is not running.
2024-11-01 10:22:18 - Scaling down completed.
2024-11-01 10:22:23 - Scaling down resources...
2024-11-01 10:22:23 - apache2 is not running.
2024-11-01 10:22:23 - Scaling down completed.
2024-11-01 10:22:29 - Scaling down resources...
2024-11-01 10:22:29 - apache2 is not running.
2024-11-01 10:22:29 - Scaling down completed.
2024-11-01 10:22:34 - Scaling down resources...
2024-11-01 10:22:34 - apache2 is not running.
2024-11-01 10:22:34 - Scaling down completed.
2024-11-01 10:22:39 - Scaling down resources...
2024-11-01 10:22:39 - apache2 is not running.
2024-11-01 10:22:39 - Scaling down completed.
2024-11-01 10:22:44 - Scaling down resources...
2024-11-01 10:22:44 - apache2 is not running.
2024-11-01 10:22:44 - Scaling down completed.
2024-11-01 10:22:49 - Scaling down resources...
2024-11-01 10:22:49 - apache2 is not running.
2024-11-01 10:22:49 - Scaling down completed.
2024-11-01 10:22:55 - Scaling down resources...
2024-11-01 10:22:55 - apache2 is not running.
2024-11-01 10:22:55 - Scaling down completed.
2024-11-01 10:23:00 - Scaling down resources...
2024-11-01 10:23:00 - apache2 is not running.
2024-11-01 10:23:00 - Scaling down completed.
2024-11-01 10:23:05 - Scaling down resources...
2024-11-01 10:23:05 - apache2 is not running.
2024-11-01 10:23:05 - Scaling down completed.
2024-11-01 10:23:10 - Scaling down resources...
2024-11-01 10:23:10 - apache2 is not running.
2024-11-01 10:23:10 - Scaling down completed.
2024-11-01 10:23:15 - Scaling down resources...
2024-11-01 10:23:15 - apache2 is not running.
2024-11-01 10:23:15 - Scaling down completed.
2024-11-01 10:23:20 - Scaling down resources...
2024-11-01 10:23:20 - apache2 is not running.
2024-11-01 10:23:20 - Scaling down completed.
2024-11-01 10:23:26 - Scaling down resources...
2024-11-01 10:23:26 - apache2 is not running.
2024-11-01 10:23:26 - Scaling down completed.
2024-11-01 10:23:31 - Scaling down resources...
2024-11-01 10:23:31 - apache2 is not running.
2024-11-01 10:23:31 - Scaling down completed.
2024-11-01 10:23:36 - Scaling down resources...
2024-11-01 10:23:36 - apache2 is not running.
2024-11-01 10:23:36 - Scaling down completed.
2024-11-01 10:23:42 - Scaling down resources...
2024-11-01 10:23:43 - apache2 is not running.
2024-11-01 10:23:43 - Scaling down completed.
