2024-10-30 15:53:09 - Updating package list and installing necessary packages...

WARNING: apt does not have a stable CLI interface. Use with caution in scripts.

Hit:1 https://deb.parrot.sh/parrot lory InRelease
Hit:2 https://deb.parrot.sh/direct/parrot lory-security InRelease
Hit:3 https://deb.parrot.sh/parrot lory-backports InRelease
Reading package lists...
Building dependency tree...
Reading state information...
33 packages can be upgraded. Run 'apt list --upgradable' to see them.
W: Target Packages (main/binary-amd64/Packages) is configured multiple times in /etc/apt/sources.list:1 and /etc/apt/sources.list.d/parrot.list:19
W: Target Packages (main/binary-all/Packages) is configured multiple times in /etc/apt/sources.list:1 and /etc/apt/sources.list.d/parrot.list:19
W: Target Translations (main/i18n/Translation-en_GB) is configured multiple times in /etc/apt/sources.list:1 and /etc/apt/sources.list.d/parrot.list:19
W: Target Translations (main/i18n/Translation-en) is configured multiple times in /etc/apt/sources.list:1 and /etc/apt/sources.list.d/parrot.list:19
W: Target Packages (contrib/binary-amd64/Packages) is configured multiple times in /etc/apt/sources.list:1 and /etc/apt/sources.list.d/parrot.list:19
W: Target Packages (contrib/binary-all/Packages) is configured multiple times in /etc/apt/sources.list:1 and /etc/apt/sources.list.d/parrot.list:19
W: Target Translations (contrib/i18n/Translation-en_GB) is configured multiple times in /etc/apt/sources.list:1 and /etc/apt/sources.list.d/parrot.list:19
W: Target Translations (contrib/i18n/Translation-en) is configured multiple times in /etc/apt/sources.list:1 and /etc/apt/sources.list.d/parrot.list:19
W: Target Packages (non-free/binary-amd64/Packages) is configured multiple times in /etc/apt/sources.list:1 and /etc/apt/sources.list.d/parrot.list:19
W: Target Packages (non-free/binary-all/Packages) is configured multiple times in /etc/apt/sources.list:1 and /etc/apt/sources.list.d/parrot.list:19
W: Target Translations (non-free/i18n/Translation-en_GB) is configured multiple times in /etc/apt/sources.list:1 and /etc/apt/sources.list.d/parrot.list:19
W: Target Translations (non-free/i18n/Translation-en) is configured multiple times in /etc/apt/sources.list:1 and /etc/apt/sources.list.d/parrot.list:19
W: Target Packages (main/binary-amd64/Packages) is configured multiple times in /etc/apt/sources.list:1 and /etc/apt/sources.list.d/parrot.list:19
W: Target Packages (main/binary-all/Packages) is configured multiple times in /etc/apt/sources.list:1 and /etc/apt/sources.list.d/parrot.list:19
W: Target Translations (main/i18n/Translation-en_GB) is configured multiple times in /etc/apt/sources.list:1 and /etc/apt/sources.list.d/parrot.list:19
W: Target Translations (main/i18n/Translation-en) is configured multiple times in /etc/apt/sources.list:1 and /etc/apt/sources.list.d/parrot.list:19
W: Target Packages (contrib/binary-amd64/Packages) is configured multiple times in /etc/apt/sources.list:1 and /etc/apt/sources.list.d/parrot.list:19
W: Target Packages (contrib/binary-all/Packages) is configured multiple times in /etc/apt/sources.list:1 and /etc/apt/sources.list.d/parrot.list:19
W: Target Translations (contrib/i18n/Translation-en_GB) is configured multiple times in /etc/apt/sources.list:1 and /etc/apt/sources.list.d/parrot.list:19
W: Target Translations (contrib/i18n/Translation-en) is configured multiple times in /etc/apt/sources.list:1 and /etc/apt/sources.list.d/parrot.list:19
W: Target Packages (non-free/binary-amd64/Packages) is configured multiple times in /etc/apt/sources.list:1 and /etc/apt/sources.list.d/parrot.list:19
W: Target Packages (non-free/binary-all/Packages) is configured multiple times in /etc/apt/sources.list:1 and /etc/apt/sources.list.d/parrot.list:19
W: Target Translations (non-free/i18n/Translation-en_GB) is configured multiple times in /etc/apt/sources.list:1 and /etc/apt/sources.list.d/parrot.list:19
W: Target Translations (non-free/i18n/Translation-en) is configured multiple times in /etc/apt/sources.list:1 and /etc/apt/sources.list.d/parrot.list:19

WARNING: apt does not have a stable CLI interface. Use with caution in scripts.

Reading package lists...
Building dependency tree...
Reading state information...
awscli is already the newest version (2.9.19-1).
awscli set to manually installed.
iftop is already the newest version (1.0~pre4-9).
tcpdump is already the newest version (4.99.3-1).
The following packages were automatically installed and are no longer required:
  golang-1.21-go golang-1.21-src ibverbs-providers libcephfs2 libgfapi0
  libgfrpc0 libgfxdr0 libglusterfs0 libibverbs1 libjsoncpp25 librados2
  librdmacm1 python3-markdown samba-ad-provision samba-dsdb-modules
  samba-vfs-modules
Use 'sudo apt autoremove' to remove them.
0 upgraded, 0 newly installed, 0 to remove and 33 not upgraded.
2024-10-30 15:53:17 - Configuring AWS CLI...
2024-10-30 16:07:05 - Updating package list and installing necessary packages...

WARNING: apt does not have a stable CLI interface. Use with caution in scripts.

Hit:1 https://deb.parrot.sh/parrot lory InRelease
Hit:2 https://deb.parrot.sh/direct/parrot lory-security InRelease
Hit:3 https://deb.parrot.sh/parrot lory-backports InRelease
Reading package lists...
Building dependency tree...
Reading state information...
33 packages can be upgraded. Run 'apt list --upgradable' to see them.
W: Target Packages (main/binary-amd64/Packages) is configured multiple times in /etc/apt/sources.list:1 and /etc/apt/sources.list.d/parrot.list:19
W: Target Packages (main/binary-all/Packages) is configured multiple times in /etc/apt/sources.list:1 and /etc/apt/sources.list.d/parrot.list:19
W: Target Translations (main/i18n/Translation-en_GB) is configured multiple times in /etc/apt/sources.list:1 and /etc/apt/sources.list.d/parrot.list:19
W: Target Translations (main/i18n/Translation-en) is configured multiple times in /etc/apt/sources.list:1 and /etc/apt/sources.list.d/parrot.list:19
W: Target Packages (contrib/binary-amd64/Packages) is configured multiple times in /etc/apt/sources.list:1 and /etc/apt/sources.list.d/parrot.list:19
W: Target Packages (contrib/binary-all/Packages) is configured multiple times in /etc/apt/sources.list:1 and /etc/apt/sources.list.d/parrot.list:19
W: Target Translations (contrib/i18n/Translation-en_GB) is configured multiple times in /etc/apt/sources.list:1 and /etc/apt/sources.list.d/parrot.list:19
W: Target Translations (contrib/i18n/Translation-en) is configured multiple times in /etc/apt/sources.list:1 and /etc/apt/sources.list.d/parrot.list:19
W: Target Packages (non-free/binary-amd64/Packages) is configured multiple times in /etc/apt/sources.list:1 and /etc/apt/sources.list.d/parrot.list:19
W: Target Packages (non-free/binary-all/Packages) is configured multiple times in /etc/apt/sources.list:1 and /etc/apt/sources.list.d/parrot.list:19
W: Target Translations (non-free/i18n/Translation-en_GB) is configured multiple times in /etc/apt/sources.list:1 and /etc/apt/sources.list.d/parrot.list:19
W: Target Translations (non-free/i18n/Translation-en) is configured multiple times in /etc/apt/sources.list:1 and /etc/apt/sources.list.d/parrot.list:19
W: Target Packages (main/binary-amd64/Packages) is configured multiple times in /etc/apt/sources.list:1 and /etc/apt/sources.list.d/parrot.list:19
W: Target Packages (main/binary-all/Packages) is configured multiple times in /etc/apt/sources.list:1 and /etc/apt/sources.list.d/parrot.list:19
W: Target Translations (main/i18n/Translation-en_GB) is configured multiple times in /etc/apt/sources.list:1 and /etc/apt/sources.list.d/parrot.list:19
W: Target Translations (main/i18n/Translation-en) is configured multiple times in /etc/apt/sources.list:1 and /etc/apt/sources.list.d/parrot.list:19
W: Target Packages (contrib/binary-amd64/Packages) is configured multiple times in /etc/apt/sources.list:1 and /etc/apt/sources.list.d/parrot.list:19
W: Target Packages (contrib/binary-all/Packages) is configured multiple times in /etc/apt/sources.list:1 and /etc/apt/sources.list.d/parrot.list:19
W: Target Translations (contrib/i18n/Translation-en_GB) is configured multiple times in /etc/apt/sources.list:1 and /etc/apt/sources.list.d/parrot.list:19
W: Target Translations (contrib/i18n/Translation-en) is configured multiple times in /etc/apt/sources.list:1 and /etc/apt/sources.list.d/parrot.list:19
W: Target Packages (non-free/binary-amd64/Packages) is configured multiple times in /etc/apt/sources.list:1 and /etc/apt/sources.list.d/parrot.list:19
W: Target Packages (non-free/binary-all/Packages) is configured multiple times in /etc/apt/sources.list:1 and /etc/apt/sources.list.d/parrot.list:19
W: Target Translations (non-free/i18n/Translation-en_GB) is configured multiple times in /etc/apt/sources.list:1 and /etc/apt/sources.list.d/parrot.list:19
W: Target Translations (non-free/i18n/Translation-en) is configured multiple times in /etc/apt/sources.list:1 and /etc/apt/sources.list.d/parrot.list:19

WARNING: apt does not have a stable CLI interface. Use with caution in scripts.

Reading package lists...
Building dependency tree...
Reading state information...
awscli is already the newest version (2.9.19-1).
iftop is already the newest version (1.0~pre4-9).
tcpdump is already the newest version (4.99.3-1).
The following packages were automatically installed and are no longer required:
  golang-1.21-go golang-1.21-src ibverbs-providers libcephfs2 libgfapi0
  libgfrpc0 libgfxdr0 libglusterfs0 libibverbs1 libjsoncpp25 librados2
  librdmacm1 python3-markdown samba-ad-provision samba-dsdb-modules
  samba-vfs-modules
Use 'sudo apt autoremove' to remove them.
0 upgraded, 0 newly installed, 0 to remove and 33 not upgraded.
2024-10-30 16:07:10 - Configuring AWS CLI...
